-----------------------------------------------------------------
        Determination of chemical freezout parameters using      
                       net-kaon fluctuation                      
-----------------------------------------------------------------
                    sqrt(snn) = 19.6 GeV
-----------------------------------------------------------------
-----------------------------------------------------------------
        Determination of chemical freezout parameters
   functions: 3 , tol.: 0.01 , max. calls(approx.): 1000
              Number of function calls(each) : 117
                     Minimization status : 1
-----------------------------------------------------------------
 Par. name               Init. Val.    Final. Val.          Error
-----------------------------------------------------------------
 Temp.                     0.160008       0.143289     0.00372979
 B chem. pot.              0.205958       0.232159      0.0169112
 Q chem. pot.             -0.005822    -0.00986447    0.000512665
 S chem. pot.             0.0464571      0.0516322     0.00203981
-----------------------------------------------------------------
   #f     Value Obt.     Value Req.    Error prov.     Chi2 Error
-----------------------------------------------------------------
    1        3.86366        3.86362      0.0712996    3.44968e-07
    2    9.17571e-05              0          0.001     0.00841936
    3            0.4            0.4          0.001    2.39179e-07
-----------------------------------------------------------------
                             Minimiser final value     0.00841995
-----------------------------------------------------------------
-----------------------------------------------------------------
                    sqrt(snn) = 27 GeV
-----------------------------------------------------------------
-----------------------------------------------------------------
        Determination of chemical freezout parameters
   functions: 3 , tol.: 0.01 , max. calls(approx.): 1000
              Number of function calls(each) : 130
                     Minimization status : 1
-----------------------------------------------------------------
 Par. name               Init. Val.    Final. Val.          Error
-----------------------------------------------------------------
 Temp.                     0.162575       0.146382      0.0037903
 B chem. pot.              0.156254       0.179659      0.0144699
 Q chem. pot.           -0.00458882    -0.00797465    0.000397838
 S chem. pot.             0.0358579      0.0401541     0.00153338
-----------------------------------------------------------------
   #f     Value Obt.     Value Req.    Error prov.     Chi2 Error
-----------------------------------------------------------------
    1         5.0647        5.06469       0.107222     1.3828e-08
    2    7.87267e-05              0          0.001      0.0061979
    3            0.4            0.4          0.001    2.23618e-09
-----------------------------------------------------------------
                             Minimiser final value     0.00619792
-----------------------------------------------------------------
-----------------------------------------------------------------
                    sqrt(snn) = 39 GeV
-----------------------------------------------------------------
-----------------------------------------------------------------
        Determination of chemical freezout parameters
   functions: 3 , tol.: 0.01 , max. calls(approx.): 1000
              Number of function calls(each) : 155
                     Minimization status : 1
-----------------------------------------------------------------
 Par. name               Init. Val.    Final. Val.          Error
-----------------------------------------------------------------
 Temp.                     0.164238       0.145557     0.00539857
 B chem. pot.              0.112304       0.131847      0.0120332
 Q chem. pot.           -0.00341562    -0.00626269    0.000282392
 S chem. pot.             0.0261742      0.0300328     0.00104968
-----------------------------------------------------------------
   #f     Value Obt.     Value Req.    Error prov.     Chi2 Error
-----------------------------------------------------------------
    1        6.63399        6.63355       0.343766    1.62388e-06
    2    6.44003e-05              0          0.001      0.0041474
    3            0.4            0.4          0.001    9.43413e-08
-----------------------------------------------------------------
                             Minimiser final value     0.00414911
-----------------------------------------------------------------
-----------------------------------------------------------------
                    sqrt(snn) = 62.4 GeV
-----------------------------------------------------------------
-----------------------------------------------------------------
        Determination of chemical freezout parameters
   functions: 3 , tol.: 0.01 , max. calls(approx.): 1000
              Number of function calls(each) : 133
                     Minimization status : 1
-----------------------------------------------------------------
 Par. name               Init. Val.    Final. Val.          Error
-----------------------------------------------------------------
 Temp.                     0.165267       0.147315     0.00376551
 B chem. pot.             0.0725248      0.0864224     0.00840611
 Q chem. pot.           -0.00227929    -0.00416199    0.000184385
 S chem. pot.             0.0171452      0.0196642    0.000681601
-----------------------------------------------------------------
   #f     Value Obt.     Value Req.    Error prov.     Chi2 Error
-----------------------------------------------------------------
    1        10.2616        10.2615       0.246676    9.07405e-08
    2    4.38818e-05              0          0.001     0.00192561
    3       0.399999            0.4          0.001     1.3188e-06
-----------------------------------------------------------------
                             Minimiser final value     0.00192702
-----------------------------------------------------------------
-----------------------------------------------------------------
                    sqrt(snn) = 200 GeV
-----------------------------------------------------------------
-----------------------------------------------------------------
        Determination of chemical freezout parameters
   functions: 3 , tol.: 0.01 , max. calls(approx.): 1000
              Number of function calls(each) : 247
                     Minimization status : 1
-----------------------------------------------------------------
 Par. name               Init. Val.    Final. Val.          Error
-----------------------------------------------------------------
 Temp.                     0.165923        0.13893      0.0694428
 B chem. pot.             0.0235252      0.0290431      0.0946718
 Q chem. pot.          -0.000770992    -0.00154983     0.00145467
 S chem. pot.            0.00566138     0.00698363     0.00533144
-----------------------------------------------------------------
   #f     Value Obt.     Value Req.    Error prov.     Chi2 Error
-----------------------------------------------------------------
    1        26.1911        26.1911         2.7958    1.60628e-12
    2    1.51154e-05              0          0.001    0.000228475
    3            0.4            0.4          0.001    2.09256e-08
-----------------------------------------------------------------
                             Minimiser final value    0.000228496
-----------------------------------------------------------------
-----------------------------------------------------------------
Freeze out parameters saved to data/freezeout_netKaon_fluc.dat...

Press Ctrl-C to exit...
