-----------------------------------------------------------------
        Determination of chemical freezout parameters using      
               net-kaon and net-charge fluctuations              
-----------------------------------------------------------------
                    sqrt(snn) = 19.6 GeV
-----------------------------------------------------------------
-----------------------------------------------------------------
        Determination of chemical freezout parameters
   functions: 4 , tol.: 0.01 , max. calls(approx.): 1000
              Number of function calls(each) : 951
                     Minimization status : 1
-----------------------------------------------------------------
 Par. name               Init. Val.    Final. Val.          Error
-----------------------------------------------------------------
 Temp.                     0.160008       0.126353      0.0322834
 B chem. pot.              0.205958       0.253589       0.111234
 Q chem. pot.             -0.005822    -0.00748013     0.00612219
 S chem. pot.             0.0464571      0.0427512      0.0173169
-----------------------------------------------------------------
   #f     Value Obt.     Value Req.    Error prov.     Chi2 Error
-----------------------------------------------------------------
    1        3.86363        3.86362      0.0712996    7.44621e-09
    2        8.95204        8.95204      0.0286075    1.84679e-10
    3    4.07994e-05              0          0.001     0.00166459
    4            0.4            0.4          0.001    2.61385e-12
-----------------------------------------------------------------
                             Minimiser final value      0.0016646
-----------------------------------------------------------------
-----------------------------------------------------------------
                    sqrt(snn) = 27 GeV
-----------------------------------------------------------------
-----------------------------------------------------------------
        Determination of chemical freezout parameters
   functions: 4 , tol.: 0.01 , max. calls(approx.): 1000
              Number of function calls(each) : 502
                     Minimization status : 0
-----------------------------------------------------------------
 Par. name               Init. Val.    Final. Val.          Error
-----------------------------------------------------------------
 Temp.                     0.162575       0.142952    6.58043e-06
 B chem. pot.              0.156254       0.154999    0.000494193
 Q chem. pot.           -0.00458882    -0.00819934    0.000229068
 S chem. pot.             0.0358579      0.0383374    0.000802908
-----------------------------------------------------------------
   #f     Value Obt.     Value Req.    Error prov.     Chi2 Error
-----------------------------------------------------------------
    1        5.06473        5.06469       0.107222     1.3155e-07
    2        12.7145        12.7145      0.0334669    7.07243e-11
    3    8.82597e-05              0          0.001     0.00778978
    4            0.4            0.4          0.001    2.68066e-15
-----------------------------------------------------------------
                             Minimiser final value     0.00778991
-----------------------------------------------------------------
-----------------------------------------------------------------
                    sqrt(snn) = 39 GeV
-----------------------------------------------------------------
-----------------------------------------------------------------
        Determination of chemical freezout parameters
   functions: 4 , tol.: 0.01 , max. calls(approx.): 1000
              Number of function calls(each) : 207
                     Minimization status : 1
-----------------------------------------------------------------
 Par. name               Init. Val.    Final. Val.          Error
-----------------------------------------------------------------
 Temp.                     0.164238       0.134447      0.0208562
 B chem. pot.              0.112304       0.132885      0.0503165
 Q chem. pot.           -0.00341562     -0.0054158     0.00242494
 S chem. pot.             0.0261742      0.0265969     0.00620369
-----------------------------------------------------------------
   #f     Value Obt.     Value Req.    Error prov.     Chi2 Error
-----------------------------------------------------------------
    1        6.63431        6.63355       0.343766    4.93099e-06
    2        17.4625        17.4625      0.0294109    2.54761e-06
    3    4.27167e-05              0          0.001     0.00182472
    4       0.400001            0.4          0.001    4.93394e-07
-----------------------------------------------------------------
                             Minimiser final value     0.00183269
-----------------------------------------------------------------
-----------------------------------------------------------------
                    sqrt(snn) = 62.4 GeV
-----------------------------------------------------------------
-----------------------------------------------------------------
        Determination of chemical freezout parameters
   functions: 4 , tol.: 0.01 , max. calls(approx.): 1000
              Number of function calls(each) : 234
                     Minimization status : 1
-----------------------------------------------------------------
 Par. name               Init. Val.    Final. Val.          Error
-----------------------------------------------------------------
 Temp.                     0.165267       0.144025      0.0251852
 B chem. pot.             0.0725248      0.0745172      0.0296585
 Q chem. pot.           -0.00227929    -0.00421643     0.00192326
 S chem. pot.             0.0171452       0.018877     0.00498401
-----------------------------------------------------------------
   #f     Value Obt.     Value Req.    Error prov.     Chi2 Error
-----------------------------------------------------------------
    1        10.2615        10.2615       0.246676    6.06224e-10
    2        27.3243        27.3241      0.0728731    8.19331e-06
    3    4.69878e-05              0          0.001     0.00220786
    4       0.400001            0.4          0.001    5.56483e-07
-----------------------------------------------------------------
                             Minimiser final value     0.00221661
-----------------------------------------------------------------
-----------------------------------------------------------------
                    sqrt(snn) = 200 GeV
-----------------------------------------------------------------
-----------------------------------------------------------------
        Determination of chemical freezout parameters
   functions: 4 , tol.: 0.01 , max. calls(approx.): 1000
              Number of function calls(each) : 316
                     Minimization status : 1
-----------------------------------------------------------------
 Par. name               Init. Val.    Final. Val.          Error
-----------------------------------------------------------------
 Temp.                     0.165923       0.145519      0.0337463
 B chem. pot.             0.0235252      0.0253369       0.013596
 Q chem. pot.          -0.000770992    -0.00175491     0.00109365
 S chem. pot.            0.00566138     0.00745215     0.00272876
-----------------------------------------------------------------
   #f     Value Obt.     Value Req.    Error prov.     Chi2 Error
-----------------------------------------------------------------
    1        26.1997        26.1911         2.7958     9.5176e-06
    2        80.2318        80.2318       0.235025    7.25112e-09
    3    2.20811e-05              0          0.001    0.000487576
    4       0.400001            0.4          0.001    8.47748e-07
-----------------------------------------------------------------
                             Minimiser final value    0.000497949
-----------------------------------------------------------------
-----------------------------------------------------------------