-----------------------------------------------------------------
        Determination of chemical freezout parameters using      
                       net-lambda fluctuation                    
-----------------------------------------------------------------
                    sqrt(snn) = 19.6 GeV
-----------------------------------------------------------------
-----------------------------------------------------------------
        Determination of chemical freezout parameters
   functions: 3 , tol.: 0.01 , max. calls(approx.): 1000
              Number of function calls(each) : 107
                     Minimization status : 1
-----------------------------------------------------------------
 Par. name               Init. Val.    Final. Val.          Error
-----------------------------------------------------------------
 Temp.                     0.160008       0.160688     0.00434516
 B chem. pot.              0.205958       0.222613     0.00944571
 Q chem. pot.             -0.005822    -0.00639916    0.000816213
 S chem. pot.             0.0464571      0.0442537     0.00254699
-----------------------------------------------------------------
   #f     Value Obt.     Value Req.    Error prov.     Chi2 Error
-----------------------------------------------------------------
    1          1.465          1.465      0.0175644    1.61166e-12
    2   -2.23281e-05              0          0.001    0.000498545
    3            0.4            0.4          0.001    4.68656e-09
-----------------------------------------------------------------
                             Minimiser final value     0.00049855
-----------------------------------------------------------------
-----------------------------------------------------------------
                    sqrt(snn) = 27 GeV
-----------------------------------------------------------------
-----------------------------------------------------------------
        Determination of chemical freezout parameters
   functions: 3 , tol.: 0.01 , max. calls(approx.): 1000
              Number of function calls(each) : 106
                     Minimization status : 1
-----------------------------------------------------------------
 Par. name               Init. Val.    Final. Val.          Error
-----------------------------------------------------------------
 Temp.                     0.162575       0.164254     0.00444068
 B chem. pot.              0.156254       0.169016     0.00691918
 Q chem. pot.           -0.00458882    -0.00508037     0.00063614
 S chem. pot.             0.0358579      0.0341595       0.001912
-----------------------------------------------------------------
   #f     Value Obt.     Value Req.    Error prov.     Chi2 Error
-----------------------------------------------------------------
    1        1.78613        1.78613      0.0287548    1.01342e-09
    2    -1.7356e-05              0          0.001     0.00030123
    3            0.4            0.4          0.001    1.63917e-09
-----------------------------------------------------------------
                             Minimiser final value    0.000301233
-----------------------------------------------------------------
-----------------------------------------------------------------
                    sqrt(snn) = 39 GeV
-----------------------------------------------------------------
-----------------------------------------------------------------
        Determination of chemical freezout parameters
   functions: 3 , tol.: 0.01 , max. calls(approx.): 1000
              Number of function calls(each) : 98
                     Minimization status : 1
-----------------------------------------------------------------
 Par. name               Init. Val.    Final. Val.          Error
-----------------------------------------------------------------
 Temp.                     0.164238       0.165178       0.004441
 B chem. pot.              0.112304       0.123054     0.00481182
 Q chem. pot.           -0.00341562     -0.0037986    0.000466804
 S chem. pot.             0.0261742      0.0248153     0.00137603
-----------------------------------------------------------------
   #f     Value Obt.     Value Req.    Error prov.     Chi2 Error
-----------------------------------------------------------------
    1        2.29571         2.2957      0.0297838    3.64186e-08
    2    -9.2038e-06              0          0.001    8.47099e-05
    3            0.4            0.4          0.001    9.60858e-08
-----------------------------------------------------------------
                             Minimiser final value    8.48424e-05
-----------------------------------------------------------------
-----------------------------------------------------------------
                    sqrt(snn) = 62.4 GeV
-----------------------------------------------------------------
-----------------------------------------------------------------
        Determination of chemical freezout parameters
   functions: 3 , tol.: 0.01 , max. calls(approx.): 1000
              Number of function calls(each) : 104
                     Minimization status : 1
-----------------------------------------------------------------
 Par. name               Init. Val.    Final. Val.          Error
-----------------------------------------------------------------
 Temp.                     0.165267       0.166361     0.00448222
 B chem. pot.             0.0725248      0.0808063     0.00328294
 Q chem. pot.           -0.00227929    -0.00251544    0.000303427
 S chem. pot.             0.0171452      0.0162942    0.000886064
-----------------------------------------------------------------
   #f     Value Obt.     Value Req.    Error prov.     Chi2 Error
-----------------------------------------------------------------
    1        3.35475        3.35468      0.0863339    7.38459e-07
    2   -6.50518e-06              0          0.001    4.23174e-05
    3            0.4            0.4          0.001    3.06794e-09
-----------------------------------------------------------------
                             Minimiser final value     4.3059e-05
-----------------------------------------------------------------
-----------------------------------------------------------------
                    sqrt(snn) = 200 GeV
-----------------------------------------------------------------
-----------------------------------------------------------------
        Determination of chemical freezout parameters
   functions: 3 , tol.: 0.01 , max. calls(approx.): 1000
              Number of function calls(each) : 110
                     Minimization status : 1
-----------------------------------------------------------------
 Par. name               Init. Val.    Final. Val.          Error
-----------------------------------------------------------------
 Temp.                     0.165923       0.163649     0.00439596
 B chem. pot.             0.0235252      0.0280621     0.00112297
 Q chem. pot.          -0.000770992   -0.000831098    9.97496e-05
 S chem. pot.            0.00566138     0.00534178    0.000294403
-----------------------------------------------------------------
   #f     Value Obt.     Value Req.    Error prov.     Chi2 Error
-----------------------------------------------------------------
    1        8.95767        8.95764       0.223999    1.55039e-08
    2   -1.81361e-06              0          0.001    3.28917e-06
    3            0.4            0.4          0.001    2.30284e-09
-----------------------------------------------------------------
                             Minimiser final value    3.30698e-06
-----------------------------------------------------------------
-----------------------------------------------------------------
Freeze out parameters saved to data/freezeout_netLambda_fluc.dat...

Press Ctrl-C to exit...
