-----------------------------------------------------------------
        Determination of chemical freezout parameters using      
                      net-proton fluctuation                     
-----------------------------------------------------------------
                    sqrt(snn) = 19.6 GeV
-----------------------------------------------------------------
-----------------------------------------------------------------
        Determination of chemical freezout parameters
   functions: 3 , tol.: 0.01 , max. calls(approx.): 1000
              Number of function calls(each) : 98
                     Minimization status : 1
-----------------------------------------------------------------
 Par. name               Init. Val.    Final. Val.          Error
-----------------------------------------------------------------
 Temp.                     0.160008       0.163206     0.00521449
 B chem. pot.              0.205958       0.216958     0.00683208
 Q chem. pot.             -0.005822    -0.00644368     0.00081349
 S chem. pot.             0.0464571      0.0445313     0.00250888
-----------------------------------------------------------------
   #f     Value Obt.     Value Req.    Error prov.     Chi2 Error
-----------------------------------------------------------------
    1        1.16492        1.16492      0.0100647    3.14221e-09
    2   -2.52647e-05              0          0.001    0.000638307
    3            0.4            0.4          0.001    4.20781e-09
-----------------------------------------------------------------
                             Minimiser final value    0.000638314
-----------------------------------------------------------------
-----------------------------------------------------------------
                    sqrt(snn) = 27 GeV
-----------------------------------------------------------------
-----------------------------------------------------------------
        Determination of chemical freezout parameters
   functions: 3 , tol.: 0.01 , max. calls(approx.): 1000
              Number of function calls(each) : 95
                     Minimization status : 1
-----------------------------------------------------------------
 Par. name               Init. Val.    Final. Val.          Error
-----------------------------------------------------------------
 Temp.                     0.162575       0.166716     0.00511725
 B chem. pot.              0.156254       0.161832     0.00459608
 Q chem. pot.           -0.00458882    -0.00517304     0.00064228
 S chem. pot.             0.0358579      0.0341989     0.00189846
-----------------------------------------------------------------
   #f     Value Obt.     Value Req.    Error prov.     Chi2 Error
-----------------------------------------------------------------
    1        1.36603        1.36603     0.00790921    2.17869e-08
    2   -1.30855e-05              0          0.001     0.00017123
    3            0.4            0.4          0.001    6.42876e-12
-----------------------------------------------------------------
                             Minimiser final value    0.000171251
-----------------------------------------------------------------
-----------------------------------------------------------------
                    sqrt(snn) = 39 GeV
-----------------------------------------------------------------
-----------------------------------------------------------------
        Determination of chemical freezout parameters
   functions: 3 , tol.: 0.01 , max. calls(approx.): 1000
              Number of function calls(each) : 96
                     Minimization status : 1
-----------------------------------------------------------------
 Par. name               Init. Val.    Final. Val.          Error
-----------------------------------------------------------------
 Temp.                     0.164238       0.169218     0.00508113
 B chem. pot.              0.112304       0.114767      0.0033078
 Q chem. pot.           -0.00341562    -0.00389064    0.000458623
 S chem. pot.             0.0261742      0.0249076     0.00132089
-----------------------------------------------------------------
   #f     Value Obt.     Value Req.    Error prov.     Chi2 Error
-----------------------------------------------------------------
    1        1.75111        1.75111      0.0179824    7.50494e-08
    2   -5.08393e-06              0          0.001    2.58463e-05
    3       0.399999            0.4          0.001    1.66665e-06
-----------------------------------------------------------------
                             Minimiser final value     2.7588e-05
-----------------------------------------------------------------
-----------------------------------------------------------------
                    sqrt(snn) = 62.4 GeV
-----------------------------------------------------------------
-----------------------------------------------------------------
        Determination of chemical freezout parameters
   functions: 3 , tol.: 0.01 , max. calls(approx.): 1000
              Number of function calls(each) : 86
                     Minimization status : 1
-----------------------------------------------------------------
 Par. name               Init. Val.    Final. Val.          Error
-----------------------------------------------------------------
 Temp.                     0.165267       0.168599     0.00503019
 B chem. pot.             0.0725248      0.0767586     0.00212875
 Q chem. pot.           -0.00227929    -0.00257751    0.000311757
 S chem. pot.             0.0171452      0.0163122    0.000891661
-----------------------------------------------------------------
   #f     Value Obt.     Value Req.    Error prov.     Chi2 Error
-----------------------------------------------------------------
    1        2.43885        2.43885      0.0167212    2.36582e-08
    2   -2.72346e-06              0          0.001    7.41725e-06
    3            0.4            0.4          0.001     1.5071e-08
-----------------------------------------------------------------
                             Minimiser final value    7.45598e-06
-----------------------------------------------------------------
-----------------------------------------------------------------
                    sqrt(snn) = 200 GeV
-----------------------------------------------------------------
-----------------------------------------------------------------
        Determination of chemical freezout parameters
   functions: 3 , tol.: 0.01 , max. calls(approx.): 1000
              Number of function calls(each) : 109
                     Minimization status : 1
-----------------------------------------------------------------
 Par. name               Init. Val.    Final. Val.          Error
-----------------------------------------------------------------
 Temp.                     0.165923       0.165256     0.00478093
 B chem. pot.             0.0235252      0.0280635    0.000888326
 Q chem. pot.          -0.000770992   -0.000835437    0.000102283
 S chem. pot.            0.00566138     0.00543732    0.000296806
-----------------------------------------------------------------
   #f     Value Obt.     Value Req.    Error prov.     Chi2 Error
-----------------------------------------------------------------
    1        6.17874        6.17864       0.137613    5.64503e-07
    2   -2.68725e-06              0          0.001    7.22131e-06
    3       0.400002            0.4          0.001      2.734e-06
-----------------------------------------------------------------
                             Minimiser final value    1.05198e-05
-----------------------------------------------------------------
-----------------------------------------------------------------
Freeze out parameters saved to data/freezeout_netProton_fluc.dat...

Press Ctrl-C to exit...
